Dec 17 00:31 : event: RTIOThread could not get realtime scheduling, continuing anyway: sched_setscheduler failed: Operation not permitted
Dec 17 00:31 : update: spawned thread for update job id 1
Dec 17 00:31 : update: starting
Dec 17 00:31 : state_file: Loading state file /home/kenzo/.config/mpd/mpdstate
Dec 17 00:31 : exception: Failed to open '/home/kenzo/.config/mpd/mpdstate': No such file or directory
Dec 17 00:31 : inotify: initializing inotify
Dec 17 00:31 : update: reading 1nonly/[2020] Stay With Me/1nonly - Stay With Me - Stay With Me.mp3
Dec 17 00:31 : inotify: watching music directory
Dec 17 00:31 : update: added 1nonly/[2020] Stay With Me/1nonly - Stay With Me - Stay With Me.mp3
Dec 17 00:31 : update: reading Retromelon/[2023] DRIFT FOREVER PHONK/Retromelon - DRIFT FOREVER PHONK - TOKYO DRIFT PHONK - REMIX.mp3
Dec 17 00:31 : update: added Retromelon/[2023] DRIFT FOREVER PHONK/Retromelon - DRIFT FOREVER PHONK - TOKYO DRIFT PHONK - REMIX.mp3
Dec 17 00:31 : update: reading INTERWORLD/[2021] METAMORPHOSIS/INTERWORLD - METAMORPHOSIS - METAMORPHOSIS.mp3
Dec 17 00:31 : update: added INTERWORLD/[2021] METAMORPHOSIS/INTERWORLD - METAMORPHOSIS - METAMORPHOSIS.mp3
Dec 17 00:31 : update: reading phonk.me/[2022] GHOST!/phonk.me - GHOST! - GHOST!.mp3
Dec 17 00:31 : update: added phonk.me/[2022] GHOST!/phonk.me - GHOST! - GHOST!.mp3
Dec 17 00:31 : update: reading BITMEIT/[2022] Phonk Music 2022 Aggressive Drift Phonk - Boss/BITMEIT - Phonk Music 2022 Aggressive Drift Phonk - Boss - Phonk Music 2022 Aggressive Drift Phonk - Boss.mp3
Dec 17 00:31 : update: added BITMEIT/[2022] Phonk Music 2022 Aggressive Drift Phonk - Boss/BITMEIT - Phonk Music 2022 Aggressive Drift Phonk - Boss - Phonk Music 2022 Aggressive Drift Phonk - Boss.mp3
Dec 17 00:31 : simple_db: removing empty directories from DB
Dec 17 00:31 : simple_db: sorting DB
Dec 17 00:31 : simple_db: writing DB
Dec 17 00:31 : update: finished
Dec 17 00:32 : state_file: Saving state file /home/kenzo/.config/mpd/mpdstate
Dec 17 00:32 : fifo_output: Removing FIFO "/tmp/mpd.fifo"
Dec 17 00:32 : state_file: Loading state file /home/kenzo/.config/mpd/mpdstate
Dec 17 00:32 : inotify: initializing inotify
Dec 17 00:32 : event: RTIOThread could not get realtime scheduling, continuing anyway: sched_setscheduler failed: Operation not permitted
Dec 17 00:32 : inotify: watching music directory
Dec 17 00:37 : client: [0] opened from 127.0.0.1:60622
Dec 17 00:37 : client: [0] process command "status"
Dec 17 00:37 : client: [0] command returned 0
Dec 17 00:37 : client: [0] process command "plchanges "0""
Dec 17 00:37 : client: [0] command returned 0
Dec 17 00:37 : client: [0] process command "outputs"
Dec 17 00:37 : client: [0] command returned 0
Dec 17 00:37 : client: [0] process command "decoders"
Dec 17 00:37 : client: [0] command returned 0
Dec 17 00:37 : client: [0] process command "outputs"
Dec 17 00:37 : client: [0] command returned 0
Dec 17 00:37 : client: [0] process command "idle"
Dec 17 00:37 : client: [0] command returned 1
Dec 17 00:37 : client: [0] process command "lsinfo """
Dec 17 00:37 : client: [0] command returned 0
Dec 17 00:37 : client: [0] process command "idle"
Dec 17 00:37 : client: [0] command returned 1
Dec 17 00:37 : client: [0] process command "lsinfo "BITMEIT""
Dec 17 00:37 : client: [0] command returned 0
Dec 17 00:37 : client: [0] process command "idle"
Dec 17 00:37 : client: [0] command returned 1
Dec 17 00:37 : client: [0] process command "lsinfo "BITMEIT/[2022] Phonk Music 2022 Aggressive Drift Phonk - Boss""
Dec 17 00:37 : client: [0] command returned 0
Dec 17 00:37 : client: [0] process command "idle"
Dec 17 00:37 : client: [0] command returned 1
Dec 17 00:37 : client: [0] process command "addid "BITMEIT/[2022] Phonk Music 2022 Aggressive Drift Phonk - Boss/BITMEIT - Phonk Music 2022 Aggressive Drift Phonk - Boss - Phonk Music 2022 Aggressive Drift Phonk - Boss.mp3""
Dec 17 00:37 : client: [0] command returned 0
Dec 17 00:37 : client: [0] process command "playid "1""
Dec 17 00:37 : playlist: play 0:"BITMEIT/[2022] Phonk Music 2022 Aggressive Drift Phonk - Boss/BITMEIT - Phonk Music 2022 Aggressive Drift Phonk - Boss - Phonk Music 2022 Aggressive Drift Phonk - Boss.mp3"
Dec 17 00:37 : client: [0] command returned 0
Dec 17 00:37 : client: [0] process command "idle"
Dec 17 00:37 : client: [0] command returned 1
Dec 17 00:37 : client: [0] process command "status"
Dec 17 00:37 : decoder_thread: probing plugin mad
Dec 17 00:37 : client: [0] command returned 0
Dec 17 00:37 : client: [0] process command "plchanges "2""
Dec 17 00:37 : client: [0] command returned 0
Dec 17 00:37 : client: [0] process command "status"
Dec 17 00:37 : client: [0] command returned 0
Dec 17 00:37 : client: [0] process command "idle"
Dec 17 00:37 : client: [0] command returned 1
Dec 17 00:37 : decoder: audio_format=44100:24:2, seekable=true
Dec 17 00:37 : client: [0] process command "status"
Dec 17 00:37 : output: OutputThread could not get realtime scheduling, continuing anyway: sched_setscheduler failed: Operation not permitted
Dec 17 00:37 : output: OutputThread could not get realtime scheduling, continuing anyway: sched_setscheduler failed: Operation not permitted
Dec 17 00:37 : output: opened "MPD Pulse Output" (pulse) audio_format=44100:24:2
Dec 17 00:37 : output: opened "Paragon Radio" (httpd) audio_format=44100:16:2
Dec 17 00:37 : output: converting in=44100:24:2 -> f=44100:24:2 -> out=44100:16:2
Dec 17 00:37 : output: OutputThread could not get realtime scheduling, continuing anyway: sched_setscheduler failed: Operation not permitted
Dec 17 00:37 : output: opened "Visuals" (fifo) audio_format=44100:16:2
Dec 17 00:37 : output: converting in=44100:24:2 -> f=44100:24:2 -> out=44100:16:2
Dec 17 00:37 : client: [0] command returned 0
Dec 17 00:37 : client: [0] process command "idle"
Dec 17 00:37 : client: [0] command returned 1
Dec 17 00:37 : client: [0] process command "status"
Dec 17 00:37 : client: [0] command returned 0
Dec 17 00:37 : client: [0] process command "idle"
Dec 17 00:37 : client: [0] command returned 1
Dec 17 00:37 : client: [0] process command "status"
Dec 17 00:37 : client: [0] command returned 0
Dec 17 00:37 : client: [0] process command "idle"
Dec 17 00:37 : client: [0] command returned 1
Dec 17 00:37 : client: [0] process command "status"
Dec 17 00:37 : client: [0] command returned 0
Dec 17 00:37 : client: [0] process command "idle"
Dec 17 00:37 : client: [0] command returned 1
Dec 17 00:37 : client: [0] process command "status"
Dec 17 00:37 : client: [0] command returned 0
Dec 17 00:37 : client: [0] process command "idle"
Dec 17 00:37 : client: [0] command returned 1
Dec 17 00:37 : client: [0] process command "status"
Dec 17 00:37 : client: [0] command returned 0
Dec 17 00:37 : client: [0] process command "idle"
Dec 17 00:37 : client: [0] command returned 1
Dec 17 00:37 : client: [0] process command "status"
Dec 17 00:37 : client: [0] command returned 0
Dec 17 00:37 : client: [0] process command "idle"
Dec 17 00:37 : client: [0] command returned 1
Dec 17 00:37 : client: [0] process command "status"
Dec 17 00:37 : client: [0] command returned 0
Dec 17 00:37 : client: [0] process command "idle"
Dec 17 00:37 : client: [0] command returned 1
Dec 17 00:37 : client: [0] process command "status"
Dec 17 00:37 : client: [0] command returned 0
Dec 17 00:37 : client: [0] process command "idle"
Dec 17 00:37 : client: [0] command returned 1
Dec 17 00:37 : client: [0] process command "status"
Dec 17 00:37 : client: [0] command returned 0
Dec 17 00:37 : client: [0] process command "idle"
Dec 17 00:37 : client: [0] command returned 1
Dec 17 00:37 : client: [0] process command "status"
Dec 17 00:37 : client: [0] command returned 0
Dec 17 00:37 : client: [0] process command "idle"
Dec 17 00:37 : client: [0] command returned 1
Dec 17 00:37 : client: [0] process command "status"
Dec 17 00:37 : client: [0] command returned 0
Dec 17 00:37 : client: [0] process command "idle"
Dec 17 00:37 : client: [0] command returned 1
Dec 17 00:37 : client: [0] process command "status"
Dec 17 00:37 : client: [0] command returned 0
Dec 17 00:37 : client: [0] process command "idle"
Dec 17 00:37 : client: [0] command returned 1
Dec 17 00:37 : client: [0] process command "status"
Dec 17 00:37 : client: [0] command returned 0
Dec 17 00:37 : client: [0] process command "idle"
Dec 17 00:37 : client: [0] command returned 1
Dec 17 00:37 : client: [0] process command "status"
Dec 17 00:37 : client: [0] command returned 0
Dec 17 00:37 : client: [0] process command "idle"
Dec 17 00:37 : client: [0] command returned 1
Dec 17 00:37 : client: [0] process command "status"
Dec 17 00:37 : client: [0] command returned 0
Dec 17 00:37 : client: [0] process command "idle"
Dec 17 00:37 : client: [0] command returned 1
Dec 17 00:37 : client: [0] process command "status"
Dec 17 00:37 : client: [0] command returned 0
Dec 17 00:37 : client: [0] process command "idle"
Dec 17 00:37 : client: [0] command returned 1
Dec 17 00:37 : client: [0] process command "status"
Dec 17 00:37 : client: [0] command returned 0
Dec 17 00:37 : client: [0] process command "idle"
Dec 17 00:37 : client: [0] command returned 1
Dec 17 00:37 : client: [0] process command "status"
Dec 17 00:37 : client: [0] command returned 0
Dec 17 00:37 : client: [0] process command "idle"
Dec 17 00:37 : client: [0] command returned 1
Dec 17 00:37 : client: [0] process command "status"
Dec 17 00:37 : client: [0] command returned 0
Dec 17 00:37 : client: [0] process command "idle"
Dec 17 00:37 : client: [0] command returned 1
Dec 17 00:37 : client: [0] process command "status"
Dec 17 00:37 : client: [0] command returned 0
Dec 17 00:37 : client: [0] process command "idle"
Dec 17 00:37 : client: [0] command returned 1
Dec 17 00:37 : client: [0] process command "status"
Dec 17 00:37 : client: [0] command returned 0
Dec 17 00:37 : client: [0] process command "idle"
Dec 17 00:37 : client: [0] command returned 1
Dec 17 00:37 : client: [0] process command "disableoutput "2""
Dec 17 00:37 : output: closed "Visuals" (fifo)
Dec 17 00:37 : client: [0] command returned 0
Dec 17 00:37 : client: [0] process command "idle"
Dec 17 00:37 : client: [0] command returned 1
Dec 17 00:37 : client: [0] process command "status"
Dec 17 00:37 : client: [0] command returned 0
Dec 17 00:37 : client: [0] process command "outputs"
Dec 17 00:37 : client: [0] command returned 0
Dec 17 00:37 : client: [0] process command "idle"
Dec 17 00:37 : client: [0] command returned 1
Dec 17 00:37 : client: [0] process command "status"
Dec 17 00:37 : client: [0] command returned 0
Dec 17 00:37 : client: [0] process command "idle"
Dec 17 00:37 : client: [0] command returned 1
Dec 17 00:37 : client: [0] process command "enableoutput "2""
Dec 17 00:37 : client: [0] command returned 0
Dec 17 00:37 : output: opened "Visuals" (fifo) audio_format=44100:16:2
Dec 17 00:37 : output: converting in=44100:24:2 -> f=44100:24:2 -> out=44100:16:2
Dec 17 00:37 : client: [0] process command "idle"
Dec 17 00:37 : client: [0] command returned 1
Dec 17 00:37 : client: [0] process command "status"
Dec 17 00:37 : client: [0] command returned 0
Dec 17 00:37 : client: [0] process command "outputs"
Dec 17 00:37 : client: [0] command returned 0
Dec 17 00:37 : client: [0] process command "idle"
Dec 17 00:37 : client: [0] command returned 1
Dec 17 00:37 : client: [0] process command "status"
Dec 17 00:37 : client: [0] command returned 0
Dec 17 00:37 : client: [0] process command "idle"
Dec 17 00:37 : client: [0] command returned 1
Dec 17 00:37 : client: [0] process command "disableoutput "1""
Dec 17 00:37 : output: closed "Paragon Radio" (httpd)
Dec 17 00:37 : client: [0] command returned 0
Dec 17 00:37 : client: [0] process command "idle"
Dec 17 00:37 : client: [0] command returned 1
Dec 17 00:37 : client: [0] process command "status"
Dec 17 00:37 : client: [0] command returned 0
Dec 17 00:37 : client: [0] process command "outputs"
Dec 17 00:37 : client: [0] command returned 0
Dec 17 00:37 : client: [0] process command "idle"
Dec 17 00:37 : client: [0] command returned 1
Dec 17 00:37 : client: [0] process command "status"
Dec 17 00:37 : client: [0] command returned 0
Dec 17 00:37 : client: [0] process command "idle"
Dec 17 00:37 : client: [0] command returned 1
Dec 17 00:37 : client: [0] process command "enableoutput "1""
Dec 17 00:37 : client: [0] command returned 0
Dec 17 00:37 : client: [0] process command "idle"
Dec 17 00:37 : client: [0] command returned 1
Dec 17 00:37 : client: [0] process command "status"
Dec 17 00:37 : output: opened "Paragon Radio" (httpd) audio_format=44100:16:2
Dec 17 00:37 : output: converting in=44100:24:2 -> f=44100:24:2 -> out=44100:16:2
Dec 17 00:37 : client: [0] command returned 0
Dec 17 00:37 : client: [0] process command "outputs"
Dec 17 00:37 : client: [0] command returned 0
Dec 17 00:37 : client: [0] process command "idle"
Dec 17 00:37 : client: [0] command returned 1
Dec 17 00:37 : client: [0] process command "status"
Dec 17 00:37 : client: [0] command returned 0
Dec 17 00:37 : client: [0] process command "idle"
Dec 17 00:37 : client: [0] command returned 1
Dec 17 00:37 : client: [0] process command "status"
Dec 17 00:37 : client: [0] command returned 0
Dec 17 00:37 : client: [0] process command "idle"
Dec 17 00:37 : client: [0] command returned 1
Dec 17 00:37 : client: [0] process command "listplaylists"
Dec 17 00:37 : client: [0] command returned 0
Dec 17 00:37 : client: [0] process command "idle"
Dec 17 00:37 : client: [0] command returned 1
Dec 17 00:37 : client: [0] process command "listplaylists"
Dec 17 00:37 : client: [0] command returned 0
Dec 17 00:37 : client: [0] process command "idle"
Dec 17 00:37 : client: [0] command returned 1
Dec 17 00:37 : client: [0] process command "listplaylists"
Dec 17 00:37 : client: [0] command returned 0
Dec 17 00:37 : client: [0] process command "idle"
Dec 17 00:37 : client: [0] command returned 1
Dec 17 00:37 : client: [0] process command "status"
Dec 17 00:37 : client: [0] command returned 0
Dec 17 00:37 : client: [0] process command "list Artist"
Dec 17 00:37 : client: [0] command returned 0
Dec 17 00:37 : client: [0] process command "find Artist "1nonly""
Dec 17 00:37 : client: [0] command returned 0
Dec 17 00:37 : client: [0] process command "find Artist "1nonly" Album "Stay With Me" Date """
Dec 17 00:37 : client: [0] command returned 0
Dec 17 00:37 : client: [0] process command "idle"
Dec 17 00:37 : client: [0] command returned 1
Dec 17 00:37 : client: [0] process command "status"
Dec 17 00:37 : client: [0] command returned 0
Dec 17 00:37 : client: [0] process command "idle"
Dec 17 00:37 : client: [0] command returned 1
Dec 17 00:37 : client: [0] process command "status"
Dec 17 00:37 : client: [0] command returned 0
Dec 17 00:37 : client: [0] process command "idle"
Dec 17 00:37 : client: [0] command returned 1
Dec 17 00:37 : client: [0] process command "status"
Dec 17 00:37 : client: [0] command returned 0
Dec 17 00:37 : client: [0] process command "idle"
Dec 17 00:37 : client: [0] command returned 1
Dec 17 00:37 : client: [0] process command "status"
Dec 17 00:37 : client: [0] command returned 0
Dec 17 00:37 : client: [0] process command "idle"
Dec 17 00:37 : client: [0] command returned 1
Dec 17 00:37 : client: [0] process command "status"
Dec 17 00:37 : client: [0] command returned 0
Dec 17 00:37 : client: [0] process command "idle"
Dec 17 00:37 : client: [0] command returned 1
Dec 17 00:37 : client: [0] process command "status"
Dec 17 00:37 : client: [0] command returned 0
Dec 17 00:37 : client: [0] process command "idle"
Dec 17 00:37 : client: [0] command returned 1
Dec 17 00:37 : client: [0] process command "status"
Dec 17 00:37 : client: [0] command returned 0
Dec 17 00:37 : client: [0] process command "idle"
Dec 17 00:37 : client: [0] command returned 1
Dec 17 00:37 : client: [0] process command "status"
Dec 17 00:37 : client: [0] command returned 0
Dec 17 00:37 : client: [0] process command "idle"
Dec 17 00:37 : client: [0] command returned 1
Dec 17 00:37 : client: [0] closed
Dec 17 00:39 : state_file: Saving state file /home/kenzo/.config/mpd/mpdstate
Dec 17 00:39 : player: played "BITMEIT/[2022] Phonk Music 2022 Aggressive Drift Phonk - Boss/BITMEIT - Phonk Music 2022 Aggressive Drift Phonk - Boss - Phonk Music 2022 Aggressive Drift Phonk - Boss.mp3"
Dec 17 00:39 : playlist: stop
Dec 17 00:39 : output: closed "MPD Pulse Output" (pulse)
Dec 17 00:39 : output: closed "Visuals" (fifo)
Dec 17 00:41 : state_file: Saving state file /home/kenzo/.config/mpd/mpdstate
Dec 17 01:19 : client: [1] opened from 127.0.0.1:51270
Dec 17 01:19 : client: [1] process command "status"
Dec 17 01:19 : client: [1] command returned 0
Dec 17 01:19 : client: [1] process command "plchanges "0""
Dec 17 01:19 : client: [1] command returned 0
Dec 17 01:19 : client: [1] process command "outputs"
Dec 17 01:19 : client: [1] command returned 0
Dec 17 01:19 : client: [1] process command "decoders"
Dec 17 01:19 : client: [1] command returned 0
Dec 17 01:19 : client: [1] process command "outputs"
Dec 17 01:19 : client: [1] command returned 0
Dec 17 01:19 : client: [1] process command "outputs"
Dec 17 01:19 : client: [1] command returned 0
Dec 17 01:19 : client: [1] process command "idle"
Dec 17 01:19 : client: [1] command returned 1
Dec 17 01:19 : client: [1] process command "playid "1""
Dec 17 01:19 : playlist: play 0:"BITMEIT/[2022] Phonk Music 2022 Aggressive Drift Phonk - Boss/BITMEIT - Phonk Music 2022 Aggressive Drift Phonk - Boss - Phonk Music 2022 Aggressive Drift Phonk - Boss.mp3"
Dec 17 01:19 : client: [1] command returned 0
Dec 17 01:19 : client: [1] process command "idle"
Dec 17 01:19 : client: [1] command returned 1
Dec 17 01:19 : decoder_thread: probing plugin mad
Dec 17 01:19 : decoder: audio_format=44100:24:2, seekable=true
Dec 17 01:19 : output: opened "MPD Pulse Output" (pulse) audio_format=44100:24:2
Dec 17 01:19 : output: converting in=44100:24:2 -> f=44100:24:2 -> out=44100:16:2
Dec 17 01:19 : output: opened "Visuals" (fifo) audio_format=44100:16:2
Dec 17 01:19 : output: converting in=44100:24:2 -> f=44100:24:2 -> out=44100:16:2
Dec 17 01:19 : client: [1] process command "status"
Dec 17 01:19 : client: [1] command returned 0
Dec 17 01:19 : client: [1] process command "status"
Dec 17 01:19 : client: [1] command returned 0
Dec 17 01:19 : client: [1] process command "idle"
Dec 17 01:19 : client: [1] command returned 1
Dec 17 01:19 : client: [1] process command "status"
Dec 17 01:19 : client: [1] command returned 0
Dec 17 01:19 : client: [1] process command "idle"
Dec 17 01:19 : client: [1] command returned 1
Dec 17 01:19 : client: [1] process command "status"
Dec 17 01:19 : client: [1] command returned 0
Dec 17 01:19 : client: [1] process command "idle"
Dec 17 01:19 : client: [1] command returned 1
Dec 17 01:19 : client: [1] process command "status"
Dec 17 01:19 : client: [1] command returned 0
Dec 17 01:19 : client: [1] process command "idle"
Dec 17 01:19 : client: [1] command returned 1
Dec 17 01:19 : client: [1] process command "status"
Dec 17 01:19 : client: [1] command returned 0
Dec 17 01:19 : client: [1] process command "idle"
Dec 17 01:19 : client: [1] command returned 1
Dec 17 01:19 : client: [1] process command "status"
Dec 17 01:19 : client: [1] command returned 0
Dec 17 01:19 : client: [1] process command "idle"
Dec 17 01:19 : client: [1] command returned 1
Dec 17 01:19 : client: [1] process command "status"
Dec 17 01:19 : client: [1] command returned 0
Dec 17 01:19 : client: [1] process command "idle"
Dec 17 01:19 : client: [1] command returned 1
Dec 17 01:19 : client: [1] process command "playid "1""
Dec 17 01:19 : playlist: play 0:"BITMEIT/[2022] Phonk Music 2022 Aggressive Drift Phonk - Boss/BITMEIT - Phonk Music 2022 Aggressive Drift Phonk - Boss - Phonk Music 2022 Aggressive Drift Phonk - Boss.mp3"
Dec 17 01:19 : client: [1] command returned 0
Dec 17 01:19 : client: [1] process command "idle"
Dec 17 01:19 : client: [1] command returned 1
Dec 17 01:19 : client: [1] process command "status"
Dec 17 01:19 : client: [1] command returned 0
Dec 17 01:19 : client: [1] process command "idle"
Dec 17 01:19 : client: [1] command returned 1
Dec 17 01:19 : client: [1] process command "status"
Dec 17 01:19 : client: [1] command returned 0
Dec 17 01:19 : client: [1] process command "idle"
Dec 17 01:19 : client: [1] command returned 1
Dec 17 01:19 : client: [1] process command "status"
Dec 17 01:19 : client: [1] command returned 0
Dec 17 01:19 : client: [1] process command "idle"
Dec 17 01:19 : client: [1] command returned 1
Dec 17 01:19 : client: [1] process command "status"
Dec 17 01:19 : client: [1] command returned 0
Dec 17 01:19 : client: [1] process command "idle"
Dec 17 01:19 : client: [1] command returned 1
Dec 17 01:19 : client: [1] process command "status"
Dec 17 01:19 : client: [1] command returned 0
Dec 17 01:19 : client: [1] process command "idle"
Dec 17 01:19 : client: [1] command returned 1
Dec 17 01:19 : client: [1] process command "status"
Dec 17 01:19 : client: [1] command returned 0
Dec 17 01:19 : client: [1] process command "idle"
Dec 17 01:19 : client: [1] command returned 1
Dec 17 01:19 : client: [1] process command "status"
Dec 17 01:19 : client: [1] command returned 0
Dec 17 01:19 : client: [1] process command "idle"
Dec 17 01:19 : client: [1] command returned 1
Dec 17 01:19 : client: [1] process command "status"
Dec 17 01:19 : client: [1] command returned 0
Dec 17 01:19 : client: [1] process command "idle"
Dec 17 01:19 : client: [1] command returned 1
Dec 17 01:19 : client: [1] process command "status"
Dec 17 01:19 : client: [1] command returned 0
Dec 17 01:19 : client: [1] process command "idle"
Dec 17 01:19 : client: [1] command returned 1
Dec 17 01:19 : client: [1] process command "status"
Dec 17 01:19 : client: [1] command returned 0
Dec 17 01:19 : client: [1] process command "idle"
Dec 17 01:19 : client: [1] command returned 1
Dec 17 01:19 : client: [1] process command "status"
Dec 17 01:19 : client: [1] command returned 0
Dec 17 01:19 : client: [1] process command "idle"
Dec 17 01:19 : client: [1] command returned 1
Dec 17 01:20 : client: [1] process command "status"
Dec 17 01:20 : client: [1] command returned 0
Dec 17 01:20 : client: [1] process command "idle"
Dec 17 01:20 : client: [1] command returned 1
Dec 17 01:20 : client: [1] process command "status"
Dec 17 01:20 : client: [1] command returned 0
Dec 17 01:20 : client: [1] process command "idle"
Dec 17 01:20 : client: [1] command returned 1
Dec 17 01:20 : client: [1] process command "status"
Dec 17 01:20 : client: [1] command returned 0
Dec 17 01:20 : client: [1] process command "idle"
Dec 17 01:20 : client: [1] command returned 1
Dec 17 01:20 : client: [1] process command "status"
Dec 17 01:20 : client: [1] command returned 0
Dec 17 01:20 : client: [1] process command "idle"
Dec 17 01:20 : client: [1] command returned 1
Dec 17 01:20 : client: [1] process command "status"
Dec 17 01:20 : client: [1] command returned 0
Dec 17 01:20 : client: [1] process command "idle"
Dec 17 01:20 : client: [1] command returned 1
Dec 17 01:20 : client: [1] process command "status"
Dec 17 01:20 : client: [1] command returned 0
Dec 17 01:20 : client: [1] process command "idle"
Dec 17 01:20 : client: [1] command returned 1
Dec 17 01:20 : client: [1] process command "status"
Dec 17 01:20 : client: [1] command returned 0
Dec 17 01:20 : client: [1] process command "idle"
Dec 17 01:20 : client: [1] command returned 1
Dec 17 01:20 : client: [1] closed
Dec 17 01:20 : client: [2] opened from 127.0.0.1:36136
Dec 17 01:20 : client: [2] process command "status"
Dec 17 01:20 : client: [2] command returned 0
Dec 17 01:20 : client: [2] process command "plchanges "0""
Dec 17 01:20 : client: [2] command returned 0
Dec 17 01:20 : client: [2] process command "outputs"
Dec 17 01:20 : client: [2] command returned 0
Dec 17 01:20 : client: [2] process command "decoders"
Dec 17 01:20 : client: [2] command returned 0
Dec 17 01:20 : client: [2] process command "outputs"
Dec 17 01:20 : client: [2] command returned 0
Dec 17 01:20 : client: [2] process command "outputs"
Dec 17 01:20 : client: [2] command returned 0
Dec 17 01:20 : client: [2] process command "status"
Dec 17 01:20 : client: [2] command returned 0
Dec 17 01:20 : client: [2] process command "idle"
Dec 17 01:20 : client: [2] command returned 1
Dec 17 01:20 : client: [2] process command "status"
Dec 17 01:20 : client: [2] command returned 0
Dec 17 01:20 : client: [2] process command "idle"
Dec 17 01:20 : client: [2] command returned 1
Dec 17 01:20 : client: [2] process command "lsinfo """
Dec 17 01:20 : client: [2] command returned 0
Dec 17 01:20 : client: [2] process command "idle"
Dec 17 01:20 : client: [2] command returned 1
Dec 17 01:20 : client: [2] process command "status"
Dec 17 01:20 : client: [2] command returned 0
Dec 17 01:20 : client: [2] process command "idle"
Dec 17 01:20 : client: [2] command returned 1
Dec 17 01:20 : client: [2] process command "status"
Dec 17 01:20 : client: [2] command returned 0
Dec 17 01:20 : client: [2] process command "idle"
Dec 17 01:20 : client: [2] command returned 1
Dec 17 01:20 : client: [2] process command "list Artist"
Dec 17 01:20 : client: [2] command returned 0
Dec 17 01:20 : client: [2] process command "find Artist "1nonly""
Dec 17 01:20 : client: [2] command returned 0
Dec 17 01:20 : client: [2] process command "find Artist "1nonly" Album "Stay With Me" Date """
Dec 17 01:20 : client: [2] command returned 0
Dec 17 01:20 : client: [2] process command "idle"
Dec 17 01:20 : client: [2] command returned 1
Dec 17 01:20 : client: [2] process command "status"
Dec 17 01:20 : client: [2] command returned 0
Dec 17 01:20 : client: [2] process command "idle"
Dec 17 01:20 : client: [2] command returned 1
Dec 17 01:20 : client: [2] process command "status"
Dec 17 01:20 : client: [2] command returned 0
Dec 17 01:20 : client: [2] process command "idle"
Dec 17 01:20 : client: [2] command returned 1
Dec 17 01:20 : client: [2] process command "status"
Dec 17 01:20 : client: [2] command returned 0
Dec 17 01:20 : client: [2] process command "idle"
Dec 17 01:20 : client: [2] command returned 1
Dec 17 01:20 : client: [2] process command "status"
Dec 17 01:20 : client: [2] command returned 0
Dec 17 01:20 : client: [2] process command "idle"
Dec 17 01:20 : client: [2] command returned 1
Dec 17 01:20 : client: [2] process command "status"
Dec 17 01:20 : client: [2] command returned 0
Dec 17 01:20 : client: [2] process command "idle"
Dec 17 01:20 : client: [2] command returned 1
Dec 17 01:20 : client: [2] process command "status"
Dec 17 01:20 : client: [2] command returned 0
Dec 17 01:20 : client: [2] process command "idle"
Dec 17 01:20 : client: [2] command returned 1
Dec 17 01:20 : client: [2] process command "find Artist "phonk.me; KIIXSHI""
Dec 17 01:20 : client: [2] command returned 0
Dec 17 01:20 : client: [2] process command "find Artist "phonk.me; KIIXSHI" Album "GHOST!" Date """
Dec 17 01:20 : client: [2] command returned 0
Dec 17 01:20 : client: [2] process command "idle"
Dec 17 01:20 : client: [2] command returned 1
Dec 17 01:20 : client: [2] process command "status"
Dec 17 01:20 : client: [2] command returned 0
Dec 17 01:20 : client: [2] process command "find Artist "BITMEIT""
Dec 17 01:20 : client: [2] command returned 0
Dec 17 01:20 : client: [2] process command "find Artist "BITMEIT" Album "Phonk Music 2022 Aggressive Drift Phonk - Boss" Date """
Dec 17 01:20 : client: [2] command returned 0
Dec 17 01:20 : client: [2] process command "idle"
Dec 17 01:20 : client: [2] command returned 1
Dec 17 01:20 : client: [2] process command "status"
Dec 17 01:20 : client: [2] command returned 0
Dec 17 01:20 : client: [2] process command "find Artist "INTERWORLD""
Dec 17 01:20 : client: [2] command returned 0
Dec 17 01:20 : client: [2] process command "find Artist "INTERWORLD" Album "METAMORPHOSIS" Date """
Dec 17 01:20 : client: [2] command returned 0
Dec 17 01:20 : client: [2] process command "idle"
Dec 17 01:20 : client: [2] command returned 1
Dec 17 01:20 : client: [2] process command "find Artist "BITMEIT""
Dec 17 01:20 : client: [2] command returned 0
Dec 17 01:20 : client: [2] process command "find Artist "BITMEIT" Album "Phonk Music 2022 Aggressive Drift Phonk - Boss" Date """
Dec 17 01:20 : client: [2] command returned 0
Dec 17 01:20 : client: [2] process command "idle"
Dec 17 01:20 : client: [2] command returned 1
Dec 17 01:20 : client: [2] process command "status"
Dec 17 01:20 : client: [2] command returned 0
Dec 17 01:20 : client: [2] process command "idle"
Dec 17 01:20 : client: [2] command returned 1
Dec 17 01:20 : client: [2] process command "status"
Dec 17 01:20 : client: [2] command returned 0
Dec 17 01:20 : client: [2] process command "idle"
Dec 17 01:20 : client: [2] command returned 1
Dec 17 01:20 : client: [2] process command "status"
Dec 17 01:20 : client: [2] command returned 0
Dec 17 01:20 : client: [2] process command "idle"
Dec 17 01:20 : client: [2] command returned 1
Dec 17 01:20 : client: [2] process command "status"
Dec 17 01:20 : client: [2] command returned 0
Dec 17 01:20 : client: [2] process command "idle"
Dec 17 01:20 : client: [2] command returned 1
Dec 17 01:20 : client: [2] process command "status"
Dec 17 01:20 : client: [2] command returned 0
Dec 17 01:20 : client: [2] process command "idle"
Dec 17 01:20 : client: [2] command returned 1
Dec 17 01:20 : client: [2] process command "status"
Dec 17 01:20 : client: [2] command returned 0
Dec 17 01:20 : client: [2] process command "idle"
Dec 17 01:20 : client: [2] command returned 1
Dec 17 01:20 : client: [2] process command "status"
Dec 17 01:20 : client: [2] command returned 0
Dec 17 01:20 : client: [2] process command "idle"
Dec 17 01:20 : client: [2] command returned 1
Dec 17 01:20 : client: [2] process command "status"
Dec 17 01:20 : client: [2] command returned 0
Dec 17 01:20 : client: [2] process command "idle"
Dec 17 01:20 : client: [2] command returned 1
Dec 17 01:20 : client: [2] process command "status"
Dec 17 01:20 : client: [2] command returned 0
Dec 17 01:20 : client: [2] process command "idle"
Dec 17 01:20 : client: [2] command returned 1
Dec 17 01:20 : client: [2] process command "status"
Dec 17 01:20 : client: [2] command returned 0
Dec 17 01:20 : client: [2] process command "idle"
Dec 17 01:20 : client: [2] command returned 1
Dec 17 01:20 : client: [2] process command "status"
Dec 17 01:20 : client: [2] command returned 0
Dec 17 01:20 : client: [2] process command "idle"
Dec 17 01:20 : client: [2] command returned 1
Dec 17 01:20 : client: [2] process command "status"
Dec 17 01:20 : client: [2] command returned 0
Dec 17 01:20 : client: [2] process command "idle"
Dec 17 01:20 : client: [2] command returned 1
Dec 17 01:20 : client: [2] process command "status"
Dec 17 01:20 : client: [2] command returned 0
Dec 17 01:20 : client: [2] process command "idle"
Dec 17 01:20 : client: [2] command returned 1
Dec 17 01:20 : client: [2] process command "status"
Dec 17 01:20 : client: [2] command returned 0
Dec 17 01:20 : client: [2] process command "idle"
Dec 17 01:20 : client: [2] command returned 1
Dec 17 01:20 : client: [2] process command "status"
Dec 17 01:20 : client: [2] command returned 0
Dec 17 01:20 : client: [2] process command "idle"
Dec 17 01:20 : client: [2] command returned 1
Dec 17 01:20 : client: [2] process command "status"
Dec 17 01:20 : client: [2] command returned 0
Dec 17 01:20 : client: [2] process command "idle"
Dec 17 01:20 : client: [2] command returned 1
Dec 17 01:20 : client: [2] process command "status"
Dec 17 01:20 : client: [2] command returned 0
Dec 17 01:20 : client: [2] process command "idle"
Dec 17 01:20 : client: [2] command returned 1
Dec 17 01:20 : client: [2] process command "status"
Dec 17 01:20 : client: [2] command returned 0
Dec 17 01:20 : client: [2] process command "idle"
Dec 17 01:20 : client: [2] command returned 1
Dec 17 01:20 : client: [2] process command "status"
Dec 17 01:20 : client: [2] command returned 0
Dec 17 01:20 : client: [2] process command "idle"
Dec 17 01:20 : client: [2] command returned 1
Dec 17 01:20 : client: [2] process command "status"
Dec 17 01:20 : client: [2] command returned 0
Dec 17 01:20 : client: [2] process command "idle"
Dec 17 01:20 : client: [2] command returned 1
Dec 17 01:20 : client: [2] process command "status"
Dec 17 01:20 : client: [2] command returned 0
Dec 17 01:20 : client: [2] process command "idle"
Dec 17 01:20 : client: [2] command returned 1
Dec 17 01:20 : client: [2] process command "status"
Dec 17 01:20 : client: [2] command returned 0
Dec 17 01:20 : client: [2] process command "idle"
Dec 17 01:20 : client: [2] command returned 1
Dec 17 01:20 : client: [2] process command "status"
Dec 17 01:20 : client: [2] command returned 0
Dec 17 01:20 : client: [2] process command "idle"
Dec 17 01:20 : client: [2] command returned 1
Dec 17 01:20 : client: [2] process command "status"
Dec 17 01:20 : client: [2] command returned 0
Dec 17 01:20 : client: [2] process command "idle"
Dec 17 01:20 : client: [2] command returned 1
Dec 17 01:20 : client: [2] process command "status"
Dec 17 01:20 : client: [2] command returned 0
Dec 17 01:20 : client: [2] process command "idle"
Dec 17 01:20 : client: [2] command returned 1
Dec 17 01:20 : client: [2] process command "status"
Dec 17 01:20 : client: [2] command returned 0
Dec 17 01:20 : client: [2] process command "idle"
Dec 17 01:20 : client: [2] command returned 1
Dec 17 01:20 : client: [2] process command "status"
Dec 17 01:20 : client: [2] command returned 0
Dec 17 01:20 : client: [2] process command "idle"
Dec 17 01:20 : client: [2] command returned 1
Dec 17 01:20 : client: [2] process command "status"
Dec 17 01:20 : client: [2] command returned 0
Dec 17 01:20 : client: [2] process command "idle"
Dec 17 01:20 : client: [2] command returned 1
Dec 17 01:21 : client: [2] process command "status"
Dec 17 01:21 : client: [2] command returned 0
Dec 17 01:21 : client: [2] process command "idle"
Dec 17 01:21 : client: [2] command returned 1
Dec 17 01:21 : client: [2] process command "status"
Dec 17 01:21 : client: [2] command returned 0
Dec 17 01:21 : client: [2] process command "idle"
Dec 17 01:21 : client: [2] command returned 1
Dec 17 01:21 : client: [2] process command "status"
Dec 17 01:21 : client: [2] command returned 0
Dec 17 01:21 : client: [2] process command "idle"
Dec 17 01:21 : client: [2] command returned 1
Dec 17 01:21 : client: [2] process command "status"
Dec 17 01:21 : client: [2] command returned 0
Dec 17 01:21 : client: [2] process command "idle"
Dec 17 01:21 : client: [2] command returned 1
Dec 17 01:21 : client: [2] process command "status"
Dec 17 01:21 : client: [2] command returned 0
Dec 17 01:21 : client: [2] process command "idle"
Dec 17 01:21 : client: [2] command returned 1
Dec 17 01:21 : client: [2] process command "status"
Dec 17 01:21 : client: [2] command returned 0
Dec 17 01:21 : client: [2] process command "idle"
Dec 17 01:21 : client: [2] command returned 1
Dec 17 01:21 : client: [2] process command "status"
Dec 17 01:21 : client: [2] command returned 0
Dec 17 01:21 : client: [2] process command "idle"
Dec 17 01:21 : client: [2] command returned 1
Dec 17 01:21 : client: [2] process command "status"
Dec 17 01:21 : client: [2] command returned 0
Dec 17 01:21 : client: [2] process command "idle"
Dec 17 01:21 : client: [2] command returned 1
Dec 17 01:21 : client: [2] process command "status"
Dec 17 01:21 : client: [2] command returned 0
Dec 17 01:21 : client: [2] process command "idle"
Dec 17 01:21 : client: [2] command returned 1
Dec 17 01:21 : client: [2] process command "status"
Dec 17 01:21 : client: [2] command returned 0
Dec 17 01:21 : client: [2] process command "idle"
Dec 17 01:21 : client: [2] command returned 1
Dec 17 01:21 : client: [2] process command "status"
Dec 17 01:21 : client: [2] command returned 0
Dec 17 01:21 : client: [2] process command "idle"
Dec 17 01:21 : client: [2] command returned 1
Dec 17 01:21 : client: [2] process command "status"
Dec 17 01:21 : client: [2] command returned 0
Dec 17 01:21 : client: [2] process command "idle"
Dec 17 01:21 : client: [2] command returned 1
Dec 17 01:21 : client: [2] process command "status"
Dec 17 01:21 : client: [2] command returned 0
Dec 17 01:21 : client: [2] process command "idle"
Dec 17 01:21 : client: [2] command returned 1
Dec 17 01:21 : client: [2] process command "status"
Dec 17 01:21 : client: [2] command returned 0
Dec 17 01:21 : client: [2] process command "idle"
Dec 17 01:21 : client: [2] command returned 1
Dec 17 01:21 : client: [2] process command "status"
Dec 17 01:21 : client: [2] command returned 0
Dec 17 01:21 : client: [2] process command "idle"
Dec 17 01:21 : client: [2] command returned 1
Dec 17 01:21 : client: [2] process command "status"
Dec 17 01:21 : client: [2] command returned 0
Dec 17 01:21 : client: [2] process command "idle"
Dec 17 01:21 : client: [2] command returned 1
Dec 17 01:21 : client: [2] process command "status"
Dec 17 01:21 : client: [2] command returned 0
Dec 17 01:21 : client: [2] process command "idle"
Dec 17 01:21 : client: [2] command returned 1
Dec 17 01:21 : client: [2] process command "status"
Dec 17 01:21 : client: [2] command returned 0
Dec 17 01:21 : client: [2] process command "idle"
Dec 17 01:21 : client: [2] command returned 1
Dec 17 01:21 : client: [2] process command "status"
Dec 17 01:21 : client: [2] command returned 0
Dec 17 01:21 : client: [2] process command "idle"
Dec 17 01:21 : client: [2] command returned 1
Dec 17 01:21 : client: [2] process command "status"
Dec 17 01:21 : client: [2] command returned 0
Dec 17 01:21 : client: [2] process command "idle"
Dec 17 01:21 : client: [2] command returned 1
Dec 17 01:21 : client: [2] process command "status"
Dec 17 01:21 : client: [2] command returned 0
Dec 17 01:21 : client: [2] process command "idle"
Dec 17 01:21 : client: [2] command returned 1
Dec 17 01:21 : client: [2] process command "status"
Dec 17 01:21 : client: [2] command returned 0
Dec 17 01:21 : client: [2] process command "idle"
Dec 17 01:21 : client: [2] command returned 1
Dec 17 01:21 : client: [2] process command "status"
Dec 17 01:21 : client: [2] command returned 0
Dec 17 01:21 : client: [2] process command "idle"
Dec 17 01:21 : client: [2] command returned 1
Dec 17 01:21 : client: [2] process command "status"
Dec 17 01:21 : client: [2] command returned 0
Dec 17 01:21 : client: [2] process command "idle"
Dec 17 01:21 : client: [2] command returned 1
Dec 17 01:21 : client: [2] process command "status"
Dec 17 01:21 : client: [2] command returned 0
Dec 17 01:21 : client: [2] process command "idle"
Dec 17 01:21 : client: [2] command returned 1
Dec 17 01:21 : client: [2] process command "status"
Dec 17 01:21 : client: [2] command returned 0
Dec 17 01:21 : client: [2] process command "idle"
Dec 17 01:21 : client: [2] command returned 1
Dec 17 01:21 : client: [2] process command "status"
Dec 17 01:21 : client: [2] command returned 0
Dec 17 01:21 : client: [2] process command "idle"
Dec 17 01:21 : client: [2] command returned 1
Dec 17 01:21 : client: [2] process command "status"
Dec 17 01:21 : client: [2] command returned 0
Dec 17 01:21 : client: [2] process command "idle"
Dec 17 01:21 : client: [2] command returned 1
Dec 17 01:21 : client: [2] process command "status"
Dec 17 01:21 : client: [2] command returned 0
Dec 17 01:21 : client: [2] process command "idle"
Dec 17 01:21 : client: [2] command returned 1
Dec 17 01:21 : client: [2] process command "status"
Dec 17 01:21 : client: [2] command returned 0
Dec 17 01:21 : client: [2] process command "idle"
Dec 17 01:21 : client: [2] command returned 1
Dec 17 01:21 : client: [2] process command "status"
Dec 17 01:21 : client: [2] command returned 0
Dec 17 01:21 : client: [2] process command "idle"
Dec 17 01:21 : client: [2] command returned 1
Dec 17 01:21 : client: [2] process command "status"
Dec 17 01:21 : client: [2] command returned 0
Dec 17 01:21 : client: [2] process command "idle"
Dec 17 01:21 : client: [2] command returned 1
Dec 17 01:21 : client: [2] process command "status"
Dec 17 01:21 : client: [2] command returned 0
Dec 17 01:21 : client: [2] process command "idle"
Dec 17 01:21 : client: [2] command returned 1
Dec 17 01:21 : client: [2] process command "status"
Dec 17 01:21 : client: [2] command returned 0
Dec 17 01:21 : client: [2] process command "idle"
Dec 17 01:21 : client: [2] command returned 1
Dec 17 01:21 : client: [2] process command "status"
Dec 17 01:21 : client: [2] command returned 0
Dec 17 01:21 : client: [2] process command "idle"
Dec 17 01:21 : client: [2] command returned 1
Dec 17 01:21 : client: [2] process command "status"
Dec 17 01:21 : client: [2] command returned 0
Dec 17 01:21 : client: [2] process command "idle"
Dec 17 01:21 : client: [2] command returned 1
Dec 17 01:21 : client: [2] process command "status"
Dec 17 01:21 : client: [2] command returned 0
Dec 17 01:21 : client: [2] process command "idle"
Dec 17 01:21 : client: [2] command returned 1
Dec 17 01:21 : client: [2] process command "status"
Dec 17 01:21 : client: [2] command returned 0
Dec 17 01:21 : client: [2] process command "idle"
Dec 17 01:21 : client: [2] command returned 1
Dec 17 01:21 : client: [2] process command "status"
Dec 17 01:21 : client: [2] command returned 0
Dec 17 01:21 : client: [2] process command "idle"
Dec 17 01:21 : client: [2] command returned 1
Dec 17 01:21 : client: [2] process command "status"
Dec 17 01:21 : client: [2] command returned 0
Dec 17 01:21 : client: [2] process command "idle"
Dec 17 01:21 : client: [2] command returned 1
Dec 17 01:21 : client: [2] process command "status"
Dec 17 01:21 : client: [2] command returned 0
Dec 17 01:21 : client: [2] process command "idle"
Dec 17 01:21 : client: [2] command returned 1
Dec 17 01:21 : client: [2] process command "status"
Dec 17 01:21 : client: [2] command returned 0
Dec 17 01:21 : client: [2] process command "idle"
Dec 17 01:21 : client: [2] command returned 1
Dec 17 01:21 : client: [2] process command "status"
Dec 17 01:21 : client: [2] command returned 0
Dec 17 01:21 : client: [2] process command "idle"
Dec 17 01:21 : client: [2] command returned 1
Dec 17 01:21 : client: [2] process command "status"
Dec 17 01:21 : client: [2] command returned 0
Dec 17 01:21 : client: [2] process command "idle"
Dec 17 01:21 : client: [2] command returned 1
Dec 17 01:21 : client: [2] process command "status"
Dec 17 01:21 : client: [2] command returned 0
Dec 17 01:21 : client: [2] process command "idle"
Dec 17 01:21 : client: [2] command returned 1
Dec 17 01:21 : client: [2] process command "status"
Dec 17 01:21 : client: [2] command returned 0
Dec 17 01:21 : client: [2] process command "idle"
Dec 17 01:21 : client: [2] command returned 1
Dec 17 01:21 : state_file: Saving state file /home/kenzo/.config/mpd/mpdstate
Dec 17 01:21 : client: [2] process command "status"
Dec 17 01:21 : client: [2] command returned 0
Dec 17 01:21 : client: [2] process command "idle"
Dec 17 01:21 : client: [2] command returned 1
Dec 17 01:21 : client: [2] process command "status"
Dec 17 01:21 : client: [2] command returned 0
Dec 17 01:21 : client: [2] process command "idle"
Dec 17 01:21 : client: [2] command returned 1
Dec 17 01:21 : client: [2] process command "status"
Dec 17 01:21 : client: [2] command returned 0
Dec 17 01:21 : client: [2] process command "idle"
Dec 17 01:21 : client: [2] command returned 1
Dec 17 01:21 : client: [2] process command "status"
Dec 17 01:21 : client: [2] command returned 0
Dec 17 01:21 : client: [2] process command "idle"
Dec 17 01:21 : client: [2] command returned 1
Dec 17 01:21 : client: [2] process command "status"
Dec 17 01:21 : client: [2] command returned 0
Dec 17 01:21 : client: [2] process command "idle"
Dec 17 01:21 : client: [2] command returned 1
Dec 17 01:21 : client: [2] process command "status"
Dec 17 01:21 : client: [2] command returned 0
Dec 17 01:21 : client: [2] process command "idle"
Dec 17 01:21 : client: [2] command returned 1
Dec 17 01:21 : client: [2] process command "status"
Dec 17 01:21 : client: [2] command returned 0
Dec 17 01:21 : client: [2] process command "idle"
Dec 17 01:21 : client: [2] command returned 1
Dec 17 01:21 : client: [2] process command "status"
Dec 17 01:21 : client: [2] command returned 0
Dec 17 01:21 : client: [2] process command "idle"
Dec 17 01:21 : client: [2] command returned 1
Dec 17 01:21 : client: [2] process command "status"
Dec 17 01:21 : client: [2] command returned 0
Dec 17 01:21 : client: [2] process command "idle"
Dec 17 01:21 : client: [2] command returned 1
Dec 17 01:21 : client: [2] process command "status"
Dec 17 01:21 : client: [2] command returned 0
Dec 17 01:21 : client: [2] process command "idle"
Dec 17 01:21 : client: [2] command returned 1
Dec 17 01:21 : client: [2] process command "status"
Dec 17 01:21 : client: [2] command returned 0
Dec 17 01:21 : client: [2] process command "idle"
Dec 17 01:21 : client: [2] command returned 1
Dec 17 01:21 : client: [2] process command "status"
Dec 17 01:21 : client: [2] command returned 0
Dec 17 01:21 : client: [2] process command "idle"
Dec 17 01:21 : client: [2] command returned 1
Dec 17 01:21 : client: [2] process command "status"
Dec 17 01:21 : client: [2] command returned 0
Dec 17 01:21 : client: [2] process command "idle"
Dec 17 01:21 : client: [2] command returned 1
Dec 17 01:21 : client: [2] process command "status"
Dec 17 01:21 : client: [2] command returned 0
Dec 17 01:21 : client: [2] process command "idle"
Dec 17 01:21 : client: [2] command returned 1
Dec 17 01:22 : client: [2] process command "status"
Dec 17 01:22 : client: [2] command returned 0
Dec 17 01:22 : client: [2] process command "idle"
Dec 17 01:22 : client: [2] command returned 1
Dec 17 01:22 : client: [2] process command "status"
Dec 17 01:22 : client: [2] command returned 0
Dec 17 01:22 : client: [2] process command "idle"
Dec 17 01:22 : client: [2] command returned 1
Dec 17 01:22 : client: [2] process command "status"
Dec 17 01:22 : client: [2] command returned 0
Dec 17 01:22 : client: [2] process command "idle"
Dec 17 01:22 : client: [2] command returned 1
Dec 17 01:22 : client: [2] process command "status"
Dec 17 01:22 : client: [2] command returned 0
Dec 17 01:22 : client: [2] process command "idle"
Dec 17 01:22 : client: [2] command returned 1
Dec 17 01:22 : client: [2] process command "status"
Dec 17 01:22 : client: [2] command returned 0
Dec 17 01:22 : client: [2] process command "idle"
Dec 17 01:22 : client: [2] command returned 1
Dec 17 01:22 : client: [2] process command "status"
Dec 17 01:22 : client: [2] command returned 0
Dec 17 01:22 : client: [2] process command "idle"
Dec 17 01:22 : client: [2] command returned 1
Dec 17 01:22 : client: [2] process command "status"
Dec 17 01:22 : client: [2] command returned 0
Dec 17 01:22 : client: [2] process command "idle"
Dec 17 01:22 : client: [2] command returned 1
Dec 17 01:22 : client: [2] process command "status"
Dec 17 01:22 : client: [2] command returned 0
Dec 17 01:22 : client: [2] process command "idle"
Dec 17 01:22 : client: [2] command returned 1
Dec 17 01:22 : client: [2] process command "status"
Dec 17 01:22 : client: [2] command returned 0
Dec 17 01:22 : client: [2] process command "idle"
Dec 17 01:22 : client: [2] command returned 1
Dec 17 01:22 : client: [2] process command "status"
Dec 17 01:22 : client: [2] command returned 0
Dec 17 01:22 : client: [2] process command "idle"
Dec 17 01:22 : client: [2] command returned 1
Dec 17 01:22 : client: [2] process command "status"
Dec 17 01:22 : client: [2] command returned 0
Dec 17 01:22 : client: [2] process command "idle"
Dec 17 01:22 : client: [2] command returned 1
Dec 17 01:22 : client: [2] process command "status"
Dec 17 01:22 : client: [2] command returned 0
Dec 17 01:22 : client: [2] process command "idle"
Dec 17 01:22 : client: [2] command returned 1
Dec 17 01:22 : client: [2] process command "status"
Dec 17 01:22 : client: [2] command returned 0
Dec 17 01:22 : client: [2] process command "idle"
Dec 17 01:22 : client: [2] command returned 1
Dec 17 01:22 : client: [2] process command "status"
Dec 17 01:22 : client: [2] command returned 0
Dec 17 01:22 : client: [2] process command "idle"
Dec 17 01:22 : client: [2] command returned 1
Dec 17 01:22 : client: [2] process command "status"
Dec 17 01:22 : client: [2] command returned 0
Dec 17 01:22 : client: [2] process command "idle"
Dec 17 01:22 : client: [2] command returned 1
Dec 17 01:22 : client: [2] process command "status"
Dec 17 01:22 : client: [2] command returned 0
Dec 17 01:22 : client: [2] process command "idle"
Dec 17 01:22 : client: [2] command returned 1
Dec 17 01:22 : player: played "BITMEIT/[2022] Phonk Music 2022 Aggressive Drift Phonk - Boss/BITMEIT - Phonk Music 2022 Aggressive Drift Phonk - Boss - Phonk Music 2022 Aggressive Drift Phonk - Boss.mp3"
Dec 17 01:22 : playlist: stop
Dec 17 01:22 : output: closed "MPD Pulse Output" (pulse)
Dec 17 01:22 : output: closed "Visuals" (fifo)
Dec 17 01:22 : client: [2] process command "status"
Dec 17 01:22 : client: [2] command returned 0
Dec 17 01:22 : client: [2] process command "idle"
Dec 17 01:22 : client: [2] command returned 1
Dec 17 01:24 : state_file: Saving state file /home/kenzo/.config/mpd/mpdstate
Dec 17 01:32 : signal_handlers: got SIGHUP, reopening log files and flushing caches
Dec 17 01:32 : log: Cycling log files
Dec 17 01:32 : log: Done cycling log files
Dec 17 01:32 : state_file: Saving state file /home/kenzo/.config/mpd/mpdstate
Dec 17 01:32 : output: closed "Paragon Radio" (httpd)
Dec 17 01:32 : fifo_output: Removing FIFO "/tmp/mpd.fifo"
